INFO: 2025/10/23 11:32:57 main.go:26: [main] The logger is initialized
INFO: 2025/10/23 11:32:57 main.go:34: [database] Successfully connected to PostgreSQL
INFO: 2025/10/23 11:32:57 main.go:39: [database] Migrations have been successfully applied
INFO: 2025/10/23 11:32:57 main.go:46: [server] Starting HTTP server on localhost:8080
INFO: 2025/10/23 11:33:04 router.go:67: [http] POST /api/keys/generate 200 OK | Client: 127.0.0.1:57919 | START: 108.04.10998 1023:44:10, Time: 162.2µs
INFO: 2025/10/23 11:34:09 router.go:67: [http] POST /api/keys/generate 200 OK | Client: 127.0.0.1:57934 | START: 108.09.10998 1023:99:10, Time: 0s
INFO: 2025/10/23 11:35:45 router.go:67: [http] POST /api/keys/validate 200 OK | Client: 127.0.0.1:57961 | START: 108.45.10998 1023:4545:10, Time: 532µs
INFO: 2025/10/23 11:38:38 main.go:61: [server] Initiating a graceful shutdown of the server
ERROR: 2025/10/23 11:38:38 main.go:57: [server] Failed to start server: http: Server closed
INFO: 2025/10/23 11:38:38 main.go:73: [server] graceful shudown completed
INFO: 2025/10/23 11:38:46 main.go:26: [main] The logger is initialized
INFO: 2025/10/23 11:38:46 main.go:34: [database] Successfully connected to PostgreSQL
INFO: 2025/10/23 11:38:46 main.go:39: [database] Migrations have been successfully applied
INFO: 2025/10/23 11:38:46 main.go:46: [server] Starting HTTP server on localhost:8080
INFO: 2025/10/23 11:38:53 router.go:67: [http] POST /api/keys/validate 200 OK | Client: 127.0.0.1:58021 | START: 108.53.10998 1023:5353:10, Time: 405.1µs
INFO: 2025/10/23 11:39:09 router.go:67: [http] POST /api/keys/validate 200 OK | Client: 127.0.0.1:58026 | START: 108.09.10998 1023:99:10, Time: 0s
INFO: 2025/10/23 11:39:32 main.go:61: [server] Initiating a graceful shutdown of the server
ERROR: 2025/10/23 11:39:32 main.go:57: [server] Failed to start server: http: Server closed
INFO: 2025/10/23 11:39:32 main.go:73: [server] graceful shudown completed
INFO: 2025/10/23 13:17:01 main.go:26: [main] The logger is initialized
INFO: 2025/10/23 13:17:02 main.go:34: [database] Successfully connected to PostgreSQL
INFO: 2025/10/23 13:17:02 main.go:39: [database] Migrations have been successfully applied
INFO: 2025/10/23 13:17:02 main.go:46: [server] Starting HTTP server on localhost:8080
INFO: 2025/10/23 13:17:25 main.go:61: [server] Initiating a graceful shutdown of the server
ERROR: 2025/10/23 13:17:25 main.go:57: [server] Failed to start server: http: Server closed
INFO: 2025/10/23 13:17:25 main.go:73: [server] graceful shudown completed
INFO: 2025/10/23 13:17:49 main.go:26: [main] The logger is initialized
INFO: 2025/10/23 13:17:49 main.go:34: [database] Successfully connected to PostgreSQL
INFO: 2025/10/23 13:17:49 main.go:39: [database] Migrations have been successfully applied
INFO: 2025/10/23 13:17:49 main.go:46: [server] Starting HTTP server on localhost:8080
ERROR: 2025/10/23 13:18:01 handler.go:177: [handler] Database error: ОШИБКА: отношение "keys" не существует (SQLSTATE 42P01)
ERROR: 2025/10/23 13:18:01 handler.go:183: [handler] Failed to save key: ОШИБКА: отношение "keys" не существует (SQLSTATE 42P01)
ERROR: 2025/10/23 13:18:01 handler.go:177: [handler] Database error: ОШИБКА: отношение "keys" не существует (SQLSTATE 42P01)
ERROR: 2025/10/23 13:18:01 handler.go:183: [handler] Failed to save key: ОШИБКА: отношение "keys" не существует (SQLSTATE 42P01)
ERROR: 2025/10/23 13:18:01 handler.go:177: [handler] Database error: ОШИБКА: отношение "keys" не существует (SQLSTATE 42P01)
ERROR: 2025/10/23 13:18:01 handler.go:183: [handler] Failed to save key: ОШИБКА: отношение "keys" не существует (SQLSTATE 42P01)
ERROR: 2025/10/23 13:18:01 handler.go:177: [handler] Database error: ОШИБКА: отношение "keys" не существует (SQLSTATE 42P01)
ERROR: 2025/10/23 13:18:01 handler.go:183: [handler] Failed to save key: ОШИБКА: отношение "keys" не существует (SQLSTATE 42P01)
ERROR: 2025/10/23 13:18:01 handler.go:177: [handler] Database error: ОШИБКА: отношение "keys" не существует (SQLSTATE 42P01)
ERROR: 2025/10/23 13:18:01 handler.go:183: [handler] Failed to save key: ОШИБКА: отношение "keys" не существует (SQLSTATE 42P01)
INFO: 2025/10/23 13:18:01 router.go:67: [http] POST /api/keys/generate 200 OK | Client: 127.0.0.1:59075 | START: 108.01.10998 1023:11:10, Time: 140.0482ms
INFO: 2025/10/23 13:20:11 main.go:61: [server] Initiating a graceful shutdown of the server
ERROR: 2025/10/23 13:20:11 main.go:57: [server] Failed to start server: http: Server closed
INFO: 2025/10/23 13:20:11 main.go:73: [server] graceful shudown completed
INFO: 2025/10/23 13:20:34 main.go:26: [main] The logger is initialized
INFO: 2025/10/23 13:20:35 main.go:34: [database] Successfully connected to PostgreSQL
INFO: 2025/10/23 13:20:35 main.go:39: [database] Migrations have been successfully applied
INFO: 2025/10/23 13:20:35 main.go:46: [server] Starting HTTP server on localhost:8080
ERROR: 2025/10/23 13:20:40 handler.go:177: [handler] Database error: ОШИБКА: отношение "keys" не существует (SQLSTATE 42P01)
ERROR: 2025/10/23 13:20:40 handler.go:183: [handler] Failed to save key: ОШИБКА: отношение "keys" не существует (SQLSTATE 42P01)
ERROR: 2025/10/23 13:20:40 handler.go:177: [handler] Database error: ОШИБКА: отношение "keys" не существует (SQLSTATE 42P01)
ERROR: 2025/10/23 13:20:40 handler.go:183: [handler] Failed to save key: ОШИБКА: отношение "keys" не существует (SQLSTATE 42P01)
ERROR: 2025/10/23 13:20:40 handler.go:177: [handler] Database error: ОШИБКА: отношение "keys" не существует (SQLSTATE 42P01)
ERROR: 2025/10/23 13:20:40 handler.go:183: [handler] Failed to save key: ОШИБКА: отношение "keys" не существует (SQLSTATE 42P01)
ERROR: 2025/10/23 13:20:40 handler.go:177: [handler] Database error: ОШИБКА: отношение "keys" не существует (SQLSTATE 42P01)
ERROR: 2025/10/23 13:20:40 handler.go:183: [handler] Failed to save key: ОШИБКА: отношение "keys" не существует (SQLSTATE 42P01)
ERROR: 2025/10/23 13:20:40 handler.go:177: [handler] Database error: ОШИБКА: отношение "keys" не существует (SQLSTATE 42P01)
ERROR: 2025/10/23 13:20:40 handler.go:183: [handler] Failed to save key: ОШИБКА: отношение "keys" не существует (SQLSTATE 42P01)
INFO: 2025/10/23 13:20:40 router.go:67: [http] POST /api/keys/generate 200 OK | Client: 127.0.0.1:59163 | START: 108.40.10998 1023:4040:10, Time: 10.7578ms
INFO: 2025/10/23 13:21:39 router.go:67: [http] POST /api/keys/generate 200 OK | Client: 127.0.0.1:59182 | START: 108.39.10998 1023:3939:10, Time: 6.4136ms
INFO: 2025/10/23 13:26:11 main.go:61: [server] Initiating a graceful shutdown of the server
ERROR: 2025/10/23 13:26:11 main.go:57: [server] Failed to start server: http: Server closed
INFO: 2025/10/23 13:26:11 main.go:73: [server] graceful shudown completed
INFO: 2025/10/23 13:26:16 main.go:26: [main] The logger is initialized
INFO: 2025/10/23 13:26:16 main.go:34: [database] Successfully connected to PostgreSQL
FATAL: 2025/10/23 13:26:16 main.go:37: [database] Failed migrations: failed confirm migrations: first .: file does not exist
INFO: 2025/10/23 13:27:31 main.go:26: [main] The logger is initialized
INFO: 2025/10/23 13:27:31 main.go:34: [database] Successfully connected to PostgreSQL
FATAL: 2025/10/23 13:27:31 main.go:37: [database] Failed migrations: failed create migrations: failed to open source, "file://E:\\avito-key-generate/migrations": parse "file://E:\\avito-key-generate/migrations": invalid port ":\\avito-key-generate" after host
INFO: 2025/10/23 13:28:17 main.go:26: [main] The logger is initialized
INFO: 2025/10/23 13:28:17 main.go:34: [database] Successfully connected to PostgreSQL
FATAL: 2025/10/23 13:28:17 main.go:37: [database] Failed migrations: failed create migrations: failed to open source, "file:///E:/avito-key-generate/migrations": open .: The filename, directory name, or volume label syntax is incorrect.
INFO: 2025/10/23 14:32:32 main.go:26: [main] The logger is initialized
INFO: 2025/10/23 14:32:32 main.go:34: [database] Successfully connected to PostgreSQL
FATAL: 2025/10/23 14:32:32 main.go:37: [database] Failed migrations: failed create migrations: failed to open source, "file:///E:/avito-key-generate/migrations": open .: The filename, directory name, or volume label syntax is incorrect.
INFO: 2025/10/23 14:32:53 main.go:26: [main] The logger is initialized
INFO: 2025/10/23 14:32:53 main.go:34: [database] Successfully connected to PostgreSQL
INFO: 2025/10/23 14:32:53 main.go:39: [database] Migrations have been successfully applied
INFO: 2025/10/23 14:32:53 main.go:46: [server] Starting HTTP server on localhost:8080
INFO: 2025/10/23 14:33:35 main.go:61: [server] Initiating a graceful shutdown of the server
ERROR: 2025/10/23 14:33:35 main.go:57: [server] Failed to start server: http: Server closed
INFO: 2025/10/23 14:33:35 main.go:73: [server] graceful shudown completed
INFO: 2025/10/23 14:33:39 main.go:26: [main] The logger is initialized
INFO: 2025/10/23 14:33:39 main.go:34: [database] Successfully connected to PostgreSQL
INFO: 2025/10/23 14:33:39 main.go:39: [database] Migrations have been successfully applied
INFO: 2025/10/23 14:33:39 main.go:46: [server] Starting HTTP server on localhost:8080
INFO: 2025/10/23 14:33:53 router.go:67: [http] POST /api/keys/generate 200 OK | Client: 127.0.0.1:60598 | START: 108.52.10998 1023:5252:10, Time: 95.968ms
INFO: 2025/10/23 14:34:09 main.go:61: [server] Initiating a graceful shutdown of the server
ERROR: 2025/10/23 14:34:09 main.go:57: [server] Failed to start server: http: Server closed
INFO: 2025/10/23 14:34:09 main.go:73: [server] graceful shudown completed
